<?xml version="1.0" encoding="utf-8"?><testsuites name="pytest tests"><testsuite name="pytest" errors="0" failures="0" skipped="0" tests="26" time="5.254" timestamp="2026-04-27T06:56:29.935189+00:00" hostname="agent-env-e752a26d-7928-41ab-add1-c9d4ca6585e5"><testcase classname="backend.tests.backend_test" name="test_root" time="0.277" /><testcase classname="backend.tests.backend_test" name="test_admin_login" time="0.331" /><testcase classname="backend.tests.backend_test" name="test_login_invalid" time="0.324" /><testcase classname="backend.tests.backend_test" name="test_register_donor" time="0.329" /><testcase classname="backend.tests.backend_test" name="test_register_hospital" time="0.322" /><testcase classname="backend.tests.backend_test" name="test_register_receiver" time="0.318" /><testcase classname="backend.tests.backend_test" name="test_register_duplicate" time="0.129" /><testcase classname="backend.tests.backend_test" name="test_me" time="0.138" /><testcase classname="backend.tests.backend_test" name="test_me_unauth" time="0.127" /><testcase classname="backend.tests.backend_test" name="test_logout" time="0.473" /><testcase classname="backend.tests.backend_test" name="test_profile_update_donor_available" time="0.222" /><testcase classname="backend.tests.backend_test" name="test_list_donors_filter" time="0.105" /><testcase classname="backend.tests.backend_test" name="test_list_donors_case_insensitive_city" time="0.119" /><testcase classname="backend.tests.backend_test" name="test_inventory_update_hospital" time="0.275" /><testcase classname="backend.tests.backend_test" name="test_inventory_role_protection" time="0.103" /><testcase classname="backend.tests.backend_test" name="test_list_hospitals_with_inventory" time="0.098" /><testcase classname="backend.tests.backend_test" name="test_create_request_to_hospital" time="0.099" /><testcase classname="backend.tests.backend_test" name="test_requests_sent" time="0.136" /><testcase classname="backend.tests.backend_test" name="test_requests_received_hospital" time="0.115" /><testcase classname="backend.tests.backend_test" name="test_respond_unauthorized_user" time="0.108" /><testcase classname="backend.tests.backend_test" name="test_respond_approve_decrements_inventory" time="0.211" /><testcase classname="backend.tests.backend_test" name="test_admin_users_list" time="0.103" /><testcase classname="backend.tests.backend_test" name="test_admin_role_protection" time="0.103" /><testcase classname="backend.tests.backend_test" name="test_admin_cannot_delete_self" time="0.099" /><testcase classname="backend.tests.backend_test" name="test_admin_delete_user" time="0.318" /><testcase classname="backend.tests.backend_test" name="test_analytics_overview" time="0.116" /></testsuite></testsuites>